<?xml version="1.0" encoding="UTF-8"?>
<!-- Generated by org.testng.reporters.JUnitXMLReporter -->
<testsuite ignored="0" hostname="LAPTOP-3J72H35K" failures="3" tests="12" name="Default test" time="90.661" errors="0" timestamp="2022-03-24T16:48:11 GMT">
  <testcase classname="io.cucumber.testng.AbstractTestNGCucumberTests" name="runScenario" time="5.793"/>
  <testcase classname="io.cucumber.testng.AbstractTestNGCucumberTests" name="runScenario" time="3.277">
    <failure type="java.lang.NullPointerException" message="Cannot invoke &amp;quot;io.restassured.response.Response.getStatusCode()&amp;quot; because &amp;quot;this.response&amp;quot; is null">
      <![CDATA[java.lang.NullPointerException: Cannot invoke "io.restassured.response.Response.getStatusCode()" because "this.response" is null
at StepDefinitions.APIrequestSteps.i_can_validate_response(APIrequestSteps.java:65)
at ✽.I can validate response(file:///C:/Users/paulo/EclipseProjects/APICucumberJavaPOMTestNG/src/test/resources/Features/api.feature:12)
]]>
    </failure>
  </testcase> <!-- runScenario -->
  <testcase classname="io.cucumber.testng.AbstractTestNGCucumberTests" name="runScenario" time="2.164"/>
  <testcase classname="io.cucumber.testng.AbstractTestNGCucumberTests" name="runScenario" time="1.504"/>
  <testcase classname="io.cucumber.testng.AbstractTestNGCucumberTests" name="runScenario" time="1.388"/>
  <testcase classname="io.cucumber.testng.AbstractTestNGCucumberTests" name="runScenario" time="1.312"/>
  <testcase classname="io.cucumber.testng.AbstractTestNGCucumberTests" name="runScenario" time="1.399"/>
  <testcase classname="io.cucumber.testng.AbstractTestNGCucumberTests" name="runScenario" time="1.429"/>
  <testcase classname="io.cucumber.testng.AbstractTestNGCucumberTests" name="runScenario" time="1.434"/>
  <testcase classname="io.cucumber.testng.AbstractTestNGCucumberTests" name="runScenario" time="11.776">
    <failure type="org.junit.ComparisonFailure" message="expected:&amp;lt;Order Status[1]&amp;gt; but was:&amp;lt;Order Status[]&amp;gt;">
      <![CDATA[org.junit.ComparisonFailure: expected:<Order Status[1]> but was:<Order Status[]>
at org.junit.Assert.assertEquals(Assert.java:117)
at org.junit.Assert.assertEquals(Assert.java:146)
at StepDefinitions.LandingPageSteps.the_title_of_the_page_will_be_correct(LandingPageSteps.java:76)
at ✽.the title of the page will be correct(file:///C:/Users/paulo/EclipseProjects/APICucumberJavaPOMTestNG/src/test/resources/Features/gfswebsite.feature:6)
]]>
    </failure>
  </testcase> <!-- runScenario -->
  <testcase classname="io.cucumber.testng.AbstractTestNGCucumberTests" name="runScenario" time="16.265">
    <failure type="org.junit.ComparisonFailure" message="expected:&amp;lt;[Manage Your Account]&amp;gt; but was:&amp;lt;[]&amp;gt;">
      <![CDATA[org.junit.ComparisonFailure: expected:<[Manage Your Account]> but was:<[]>
at org.junit.Assert.assertEquals(Assert.java:117)
at org.junit.Assert.assertEquals(Assert.java:146)
at StepDefinitions.SignedInHomePageSteps.user_is_in_landing_page(SignedInHomePageSteps.java:29)
at ✽.user is in signedinhome page(file:///C:/Users/paulo/EclipseProjects/APICucumberJavaPOMTestNG/src/test/resources/Features/gfswebsite.feature:13)
]]>
    </failure>
  </testcase> <!-- runScenario -->
  <testcase classname="io.cucumber.testng.AbstractTestNGCucumberTests" name="runScenario" time="35.083"/>
</testsuite> <!-- Default test -->
