<?xml version="1.0" encoding="UTF-8"?>
<!-- Generated by org.testng.reporters.JUnitReportReporter -->
<testsuite hostname="LAPTOP-3J72H35K" failures="2" tests="12" name="StepDefinitions.TestRunner" time="82.824" errors="1" timestamp="2022-03-24T16:48:11 GMT" skipped="0">
  <testcase classname="StepDefinitions.TestRunner" name="runScenario" time="5.793"/>
  <system-out/>
  <testcase classname="StepDefinitions.TestRunner" name="runScenario" time="11.776">
    <failure message="expected:&lt;Order Status[1]&gt; but was:&lt;Order Status[]&gt;" type="org.junit.ComparisonFailure">
      <![CDATA[org.junit.ComparisonFailure: expected:<Order Status[1]> but was:<Order Status[]>
at org.junit.Assert.assertEquals(Assert.java:117)
at org.junit.Assert.assertEquals(Assert.java:146)
at StepDefinitions.LandingPageSteps.the_title_of_the_page_will_be_correct(LandingPageSteps.java:76)
at ✽.the title of the page will be correct(file:///C:/Users/paulo/EclipseProjects/APICucumberJavaPOMTestNG/src/test/resources/Features/gfswebsite.feature:6)
]]>
    </failure>
  </testcase> <!-- runScenario -->
  <system-out/>
  <testcase classname="StepDefinitions.TestRunner" name="runScenario" time="1.399"/>
  <system-out/>
  <testcase classname="StepDefinitions.TestRunner" name="runScenario" time="1.429"/>
  <system-out/>
  <testcase classname="StepDefinitions.TestRunner" name="runScenario" time="1.504"/>
  <system-out/>
  <testcase classname="StepDefinitions.TestRunner" name="runScenario" time="2.164"/>
  <system-out/>
  <testcase classname="StepDefinitions.TestRunner" name="runScenario" time="16.265">
    <failure message="expected:&lt;[Manage Your Account]&gt; but was:&lt;[]&gt;" type="org.junit.ComparisonFailure">
      <![CDATA[org.junit.ComparisonFailure: expected:<[Manage Your Account]> but was:<[]>
at org.junit.Assert.assertEquals(Assert.java:117)
at org.junit.Assert.assertEquals(Assert.java:146)
at StepDefinitions.SignedInHomePageSteps.user_is_in_landing_page(SignedInHomePageSteps.java:29)
at ✽.user is in signedinhome page(file:///C:/Users/paulo/EclipseProjects/APICucumberJavaPOMTestNG/src/test/resources/Features/gfswebsite.feature:13)
]]>
    </failure>
  </testcase> <!-- runScenario -->
  <system-out/>
  <testcase classname="StepDefinitions.TestRunner" name="runScenario" time="1.434"/>
  <system-out/>
  <testcase classname="StepDefinitions.TestRunner" name="runScenario" time="1.388"/>
  <system-out/>
  <testcase classname="StepDefinitions.TestRunner" name="runScenario" time="35.083"/>
  <system-out/>
  <testcase classname="StepDefinitions.TestRunner" name="runScenario" time="1.312"/>
  <system-out/>
  <testcase classname="StepDefinitions.TestRunner" name="runScenario" time="3.277">
    <error message="Cannot invoke &quot;io.restassured.response.Response.getStatusCode()&quot; because &quot;this.response&quot; is null" type="java.lang.NullPointerException">
      <![CDATA[java.lang.NullPointerException: Cannot invoke "io.restassured.response.Response.getStatusCode()" because "this.response" is null
at StepDefinitions.APIrequestSteps.i_can_validate_response(APIrequestSteps.java:65)
at ✽.I can validate response(file:///C:/Users/paulo/EclipseProjects/APICucumberJavaPOMTestNG/src/test/resources/Features/api.feature:12)
]]>
    </error>
  </testcase> <!-- runScenario -->
  <system-out/>
</testsuite> <!-- StepDefinitions.TestRunner -->
